<?xml version="1.0" encoding="UTF-8"?>
<!-- Generated by org.testng.reporters.JUnitXMLReporter -->
<testsuite ignored="3" hostname="LAPTOP-MGOFCHQS" failures="0" tests="1" name="Test" time="1.761" errors="0" timestamp="2023-04-09T23:48:51 IST">
  <testcase classname="test.TestClass1" name="@BeforeClass createPOMObject" time="0.022">
    <failure type="java.lang.NullPointerException">
      <![CDATA[java.lang.NullPointerException
at java.base/java.util.Objects.requireNonNull(Objects.java:221)
at org.openqa.selenium.interactions.Actions.<init>(Actions.java:65)
at pom.Post_Campaign.<init>(Post_Campaign.java:13)
at test.TestClass1.createPOMObject(TestClass1.java:47)
at java.base/java.util.ArrayList.forEach(ArrayList.java:1541)
... Removed 25 stack frames]]>
    </failure>
  </testcase> <!-- @BeforeClass createPOMObject -->
  <testcase classname="test.TestClass1" name="@BeforeMethod loginToApplication" time="-1.681064331449E9">
    <skipped/>
  </testcase> <!-- @BeforeMethod loginToApplication -->
  <testcase classname="test.TestClass1" name="@AfterMethod logoutToApplication" time="-1.681064331455E9">
    <skipped/>
  </testcase> <!-- @AfterMethod logoutToApplication -->
  <testcase classname="test.TestClass1" name="@AfterClass clearPOMObject" time="-1.681064331457E9">
    <skipped/>
  </testcase> <!-- @AfterClass clearPOMObject -->
  <testcase classname="test.TestClass1" name="@AfterTest closeBrowser" time="-1.68106433146E9">
    <skipped/>
  </testcase> <!-- @AfterTest closeBrowser -->
  <testcase classname="test.TestClass1" name="saveInfluencerRequirementData" time="0.0">
    <skipped/>
  </testcase> <!-- saveInfluencerRequirementData -->
  <testcase classname="test.TestClass1" name="verifyHomePage" time="0.0">
    <ignored/>
  </testcase> <!-- verifyHomePage -->
  <testcase classname="test.TestClass1" name="verifyErrorMessagesForFieldPrasentOnPostCampaign" time="0.0">
    <ignored/>
  </testcase> <!-- verifyErrorMessagesForFieldPrasentOnPostCampaign -->
  <testcase classname="test.TestClass1" name="verifyUser" time="0.0">
    <ignored/>
  </testcase> <!-- verifyUser -->
</testsuite> <!-- Test -->
